<?xml version="1.0" encoding="utf-8"?><testsuites><testsuite errors="0" failures="0" hostname="WoMenDeDianNao" name="pytest" skipped="0" tests="7" time="30.021" timestamp="2020-05-21T14:45:44.653443"><testcase classname="test_dir.test_baidu.TestSearch" file="test_dir\test_baidu.py" line="15" name="test_baidu_search_case" time="12.117"></testcase><testcase classname="test_dir.test_baidu.TestSearchSettings" file="test_dir\test_baidu.py" line="36" name="test_baidu_search_setting" time="2.770"></testcase><testcase classname="test_dir.test_parametrize" file="test_dir\test_parametrize.py" line="14" name="test_baidu_search1[case1]" time="2.757"></testcase><testcase classname="test_dir.test_parametrize" file="test_dir\test_parametrize.py" line="14" name="test_baidu_search1[case2]" time="2.482"></testcase><testcase classname="test_dir.test_parametrize" file="test_dir\test_parametrize.py" line="14" name="test_baidu_search1[case3]" time="2.477"></testcase><testcase classname="test_dir.test_parametrize" file="test_dir\test_parametrize.py" line="45" name="test_baidu_search2[1-Selenium]" time="2.752"></testcase><testcase classname="test_dir.test_parametrize" file="test_dir\test_parametrize.py" line="45" name="test_baidu_search2[2-poium]" time="4.536"></testcase></testsuite></testsuites>