<?xml version="1.0" encoding="utf-8"?><testsuites><testsuite errors="0" failures="0" hostname="WoMenDeDianNao" name="pytest" skipped="0" tests="7" time="29.849" timestamp="2020-05-21T15:36:25.144542"><testcase classname="test_dir.test_baidu.TestSearch" file="test_dir\test_baidu.py" line="15" name="test_baidu_search_case" time="12.095"></testcase><testcase classname="test_dir.test_baidu.TestSearchSettings" file="test_dir\test_baidu.py" line="36" name="test_baidu_search_setting" time="2.815"></testcase><testcase classname="test_dir.test_parametrize" file="test_dir\test_parametrize.py" line="14" name="test_baidu_search1[case1]" time="2.763"></testcase><testcase classname="test_dir.test_parametrize" file="test_dir\test_parametrize.py" line="14" name="test_baidu_search1[case2]" time="2.509"></testcase><testcase classname="test_dir.test_parametrize" file="test_dir\test_parametrize.py" line="14" name="test_baidu_search1[case3]" time="2.535"></testcase><testcase classname="test_dir.test_parametrize" file="test_dir\test_parametrize.py" line="45" name="test_baidu_search2[1-Selenium]" time="2.476"></testcase><testcase classname="test_dir.test_parametrize" file="test_dir\test_parametrize.py" line="45" name="test_baidu_search2[2-poium]" time="4.575"></testcase></testsuite></testsuites>